Build started 18.03.2014 1:12:44.
     1>Project "D:\Work\MyProjects\MdpProject\MdpProject\MdpProject\MdpProject.vcxproj" on node 2 (Build target(s)).
     1>ClCompile:
         C:\Program Files (x86)\Microsoft Visual Studio 11.0\VC\bin\CL.exe /c /Zi /nologo /W3 /WX- /O2 /Oi /Oy- /GL /D _MBCS /Gm- /EHsc /MD /GS /Gy /fp:precise /Zc:wchar_t /Zc:forScope /Fo"Release\\" /Fd"Release\vc110.pdb" /Gd /TP /analyze- /errorReport:prompt MyForm.cpp
         MyForm.cpp
     1>d:\work\myprojects\mdpproject\mdpproject\mdpproject\MyForm.h(5): error C2871: 'System' : a namespace with this name does not exist
     1>d:\work\myprojects\mdpproject\mdpproject\mdpproject\MyForm.h(6): error C2653: 'System' : is not a class or namespace name
     1>d:\work\myprojects\mdpproject\mdpproject\mdpproject\MyForm.h(6): error C2871: 'ComponentModel' : a namespace with this name does not exist
     1>d:\work\myprojects\mdpproject\mdpproject\mdpproject\MyForm.h(7): error C2653: 'System' : is not a class or namespace name
     1>d:\work\myprojects\mdpproject\mdpproject\mdpproject\MyForm.h(7): error C2871: 'Collections' : a namespace with this name does not exist
     1>d:\work\myprojects\mdpproject\mdpproject\mdpproject\MyForm.h(8): error C2653: 'System' : is not a class or namespace name
     1>d:\work\myprojects\mdpproject\mdpproject\mdpproject\MyForm.h(8): error C2871: 'Forms' : a namespace with this name does not exist
     1>d:\work\myprojects\mdpproject\mdpproject\mdpproject\MyForm.h(9): error C2653: 'System' : is not a class or namespace name
     1>d:\work\myprojects\mdpproject\mdpproject\mdpproject\MyForm.h(9): error C2871: 'Data' : a namespace with this name does not exist
     1>d:\work\myprojects\mdpproject\mdpproject\mdpproject\MyForm.h(10): error C2653: 'System' : is not a class or namespace name
     1>d:\work\myprojects\mdpproject\mdpproject\mdpproject\MyForm.h(10): error C2871: 'Drawing' : a namespace with this name does not exist
     1>d:\work\myprojects\mdpproject\mdpproject\mdpproject\MyForm.h(15): error C2059: syntax error : 'public'
     1>d:\work\myprojects\mdpproject\mdpproject\mdpproject\MyForm.h(15): error C2653: 'System' : is not a class or namespace name
     1>d:\work\myprojects\mdpproject\mdpproject\mdpproject\MyForm.h(16): error C2143: syntax error : missing ';' before '{'
     1>d:\work\myprojects\mdpproject\mdpproject\mdpproject\MyForm.h(16): error C2447: '{' : missing function header (old-style formal list?)
     1>Done Building Project "D:\Work\MyProjects\MdpProject\MdpProject\MdpProject\MdpProject.vcxproj" (Build target(s)) -- FAILED.

Build FAILED.

Time Elapsed 00:00:00.24
